<?xml version="1.0" encoding="UTF-8"?>
<testng-results ignored="0" total="1" passed="1" failed="0" skipped="0">
  <reporter-output>
  </reporter-output>
  <suite started-at="2022-10-18T21:25:40 IST" name="Suite" finished-at="2022-10-18T21:26:05 IST" duration-ms="25339">
    <groups>
    </groups>
    <test started-at="2022-10-18T21:25:40 IST" name="Test" finished-at="2022-10-18T21:26:05 IST" duration-ms="25339">
      <class name="com.new_maven_project.test_case.login_test_case">
        <test-method is-config="true" signature="browser_launch(java.lang.String)[pri:0, instance:com.new_maven_project.test_case.login_test_case@7e07db1f]" started-at="2022-10-18T21:25:40 IST" name="browser_launch" finished-at="2022-10-18T21:25:43 IST" duration-ms="3114" status="PASS">
          <params>
            <param index="0">
              <value>
                <![CDATA[chrome]]>
              </value>
            </param>
          </params>
          <reporter-output>
          </reporter-output>
        </test-method> <!-- browser_launch -->
        <test-method signature="login()[pri:0, instance:com.new_maven_project.test_case.login_test_case@7e07db1f]" started-at="2022-10-18T21:25:43 IST" name="login" finished-at="2022-10-18T21:26:05 IST" duration-ms="21748" status="PASS">
          <reporter-output>
          </reporter-output>
        </test-method> <!-- login -->
        <test-method is-config="true" signature="end_browser()[pri:0, instance:com.new_maven_project.test_case.login_test_case@7e07db1f]" started-at="2022-10-18T21:26:05 IST" name="end_browser" finished-at="2022-10-18T21:26:05 IST" duration-ms="392" status="PASS">
          <reporter-output>
          </reporter-output>
        </test-method> <!-- end_browser -->
      </class> <!-- com.new_maven_project.test_case.login_test_case -->
    </test> <!-- Test -->
  </suite> <!-- Suite -->
</testng-results>
